mode: set
github.com/0xfe/microstellar/account.go:39.28,47.2 4 1
github.com/0xfe/microstellar/account.go:50.57,56.32 4 0
github.com/0xfe/microstellar/account.go:71.2,72.31 2 0
github.com/0xfe/microstellar/account.go:82.2,82.16 1 0
github.com/0xfe/microstellar/account.go:56.32,57.41 1 0
github.com/0xfe/microstellar/account.go:62.3,68.55 2 0
github.com/0xfe/microstellar/account.go:57.41,59.12 2 0
github.com/0xfe/microstellar/account.go:72.31,80.3 2 0
github.com/0xfe/microstellar/account.go:87.57,88.22 1 1
github.com/0xfe/microstellar/account.go:92.2,92.37 1 1
github.com/0xfe/microstellar/account.go:98.2,98.11 1 1
github.com/0xfe/microstellar/account.go:88.22,90.3 1 0
github.com/0xfe/microstellar/account.go:92.37,93.29 1 1
github.com/0xfe/microstellar/account.go:93.29,95.4 1 1
github.com/0xfe/microstellar/account.go:103.51,105.2 1 1
github.com/0xfe/microstellar/account.go:108.49,110.2 1 1
github.com/0xfe/microstellar/asset.go:27.71,29.2 1 1
github.com/0xfe/microstellar/asset.go:32.43,34.56 1 1
github.com/0xfe/microstellar/asset.go:38.2,38.89 1 1
github.com/0xfe/microstellar/asset.go:34.56,36.3 1 0
github.com/0xfe/microstellar/asset.go:42.35,44.2 1 1
github.com/0xfe/microstellar/microstellar.go:21.44,26.2 1 1
github.com/0xfe/microstellar/microstellar.go:29.59,31.16 2 1
github.com/0xfe/microstellar/microstellar.go:35.2,35.51 1 1
github.com/0xfe/microstellar/microstellar.go:31.16,33.3 1 0
github.com/0xfe/microstellar/microstellar.go:40.93,50.2 6 1
github.com/0xfe/microstellar/microstellar.go:53.71,54.13 1 1
github.com/0xfe/microstellar/microstellar.go:58.2,61.16 3 0
github.com/0xfe/microstellar/microstellar.go:65.2,65.44 1 0
github.com/0xfe/microstellar/microstellar.go:54.13,56.3 1 1
github.com/0xfe/microstellar/microstellar.go:61.16,63.3 1 0
github.com/0xfe/microstellar/microstellar.go:69.105,72.22 2 1
github.com/0xfe/microstellar/microstellar.go:82.2,86.17 5 1
github.com/0xfe/microstellar/microstellar.go:72.22,76.3 1 1
github.com/0xfe/microstellar/microstellar.go:76.3,80.3 1 1
github.com/0xfe/microstellar/microstellar.go:90.97,92.2 1 1
github.com/0xfe/microstellar/microstellar.go:96.94,99.17 2 1
github.com/0xfe/microstellar/microstellar.go:105.2,107.17 3 1
github.com/0xfe/microstellar/microstellar.go:99.17,101.3 1 1
github.com/0xfe/microstellar/microstellar.go:101.3,103.3 1 0
github.com/0xfe/microstellar/microstellar.go:111.80,117.2 5 1
github.com/0xfe/microstellar/microstellar.go:120.81,126.2 5 1
github.com/0xfe/microstellar/tx.go:31.36,37.27 4 1
github.com/0xfe/microstellar/tx.go:49.2,59.3 1 1
github.com/0xfe/microstellar/tx.go:37.27,40.3 2 0
github.com/0xfe/microstellar/tx.go:40.3,40.34 1 1
github.com/0xfe/microstellar/tx.go:40.34,44.3 3 1
github.com/0xfe/microstellar/tx.go:44.3,47.3 2 0
github.com/0xfe/microstellar/tx.go:63.43,65.2 1 0
github.com/0xfe/microstellar/tx.go:68.27,70.2 1 1
github.com/0xfe/microstellar/tx.go:73.33,75.2 1 0
github.com/0xfe/microstellar/tx.go:78.23,85.2 6 1
github.com/0xfe/microstellar/tx.go:87.62,89.2 1 1
github.com/0xfe/microstellar/tx.go:92.101,93.19 1 1
github.com/0xfe/microstellar/tx.go:97.2,97.23 1 1
github.com/0xfe/microstellar/tx.go:102.2,102.13 1 1
github.com/0xfe/microstellar/tx.go:107.2,116.12 5 0
github.com/0xfe/microstellar/tx.go:93.19,95.3 1 1
github.com/0xfe/microstellar/tx.go:97.23,100.3 2 0
github.com/0xfe/microstellar/tx.go:102.13,105.3 2 1
github.com/0xfe/microstellar/tx.go:120.31,122.2 1 1
github.com/0xfe/microstellar/tx.go:125.38,126.19 1 1
github.com/0xfe/microstellar/tx.go:130.2,130.23 1 1
github.com/0xfe/microstellar/tx.go:135.2,135.19 1 1
github.com/0xfe/microstellar/tx.go:140.2,140.13 1 1
github.com/0xfe/microstellar/tx.go:145.2,147.16 2 0
github.com/0xfe/microstellar/tx.go:152.2,154.16 2 0
github.com/0xfe/microstellar/tx.go:159.2,159.12 1 0
github.com/0xfe/microstellar/tx.go:126.19,128.3 1 0
github.com/0xfe/microstellar/tx.go:130.23,133.3 2 1
github.com/0xfe/microstellar/tx.go:135.19,138.3 2 0
github.com/0xfe/microstellar/tx.go:140.13,143.3 2 1
github.com/0xfe/microstellar/tx.go:147.16,150.3 2 0
github.com/0xfe/microstellar/tx.go:154.16,157.3 2 0
github.com/0xfe/microstellar/tx.go:163.30,164.19 1 1
github.com/0xfe/microstellar/tx.go:168.2,168.20 1 1
github.com/0xfe/microstellar/tx.go:173.2,173.18 1 1
github.com/0xfe/microstellar/tx.go:178.2,178.13 1 1
github.com/0xfe/microstellar/tx.go:183.2,185.16 2 0
github.com/0xfe/microstellar/tx.go:190.2,192.12 3 0
github.com/0xfe/microstellar/tx.go:164.19,166.3 1 0
github.com/0xfe/microstellar/tx.go:168.20,171.3 2 0
github.com/0xfe/microstellar/tx.go:173.18,176.3 2 0
github.com/0xfe/microstellar/tx.go:178.13,181.3 2 1
github.com/0xfe/microstellar/tx.go:185.16,188.3 2 0
github.com/0xfe/microstellar/utils.go:12.36,16.20 3 0
github.com/0xfe/microstellar/utils.go:26.2,26.20 1 0
github.com/0xfe/microstellar/utils.go:16.20,18.17 2 0
github.com/0xfe/microstellar/utils.go:21.3,21.81 1 0
github.com/0xfe/microstellar/utils.go:18.17,20.4 1 0
github.com/0xfe/microstellar/utils.go:22.3,24.3 1 0
github.com/0xfe/microstellar/utils.go:30.56,32.16 2 0
github.com/0xfe/microstellar/utils.go:36.2,38.16 3 0
github.com/0xfe/microstellar/utils.go:42.2,42.26 1 0
github.com/0xfe/microstellar/utils.go:32.16,34.3 1 0
github.com/0xfe/microstellar/utils.go:38.16,40.3 1 0
